Using pre-set license
Built from '2020.3/staging' branch; Version is '2020.3.32f1 (12f8b0834f07) revision 1243312'; Using compiler version '192528614'; Build Type 'Release'
OS: 'Windows 10  (10.0.19043) 64bit Professional' Language: 'en' Physical Memory: 16287 MB
BatchMode: 1, IsHumanControllingUs: 0, StartBugReporterOnCrash: 0, Is64bit: 1, IsPro: 0

COMMAND LINE ARGUMENTS:
C:\Program Files\Unity\Hub\Editor\2020.3.32f1\Editor\Unity.exe
-adb2
-batchMode
-noUpm
-name
AssetImportWorker0
-projectPath
C:/Users/zoeyd/OneDrive/Documents/GitHub/MoonRift_Andromeda/TrashCollector
-logFile
Logs/AssetImportWorker0.log
-srvPort
62632
Successfully changed project path to: C:/Users/zoeyd/OneDrive/Documents/GitHub/MoonRift_Andromeda/TrashCollector
C:/Users/zoeyd/OneDrive/Documents/GitHub/MoonRift_Andromeda/TrashCollector
Using Asset Import Pipeline V2.
Refreshing native plugins compatible for Editor in 34.60 ms, found 3 plugins.
Preloading 0 native plugins for Editor in 0.00 ms.
Initialize engine version: 2020.3.32f1 (12f8b0834f07)
[Subsystems] Discovering subsystems at path C:/Program Files/Unity/Hub/Editor/2020.3.32f1/Editor/Data/Resources/UnitySubsystems
[Subsystems] Discovering subsystems at path C:/Users/zoeyd/OneDrive/Documents/GitHub/MoonRift_Andromeda/TrashCollector/Assets
GfxDevice: creating device client; threaded=0
Direct3D:
    Version:  Direct3D 11.0 [level 11.1]
    Renderer: NVIDIA GeForce RTX 3060 (ID=0x2504)
    Vendor:   
    VRAM:     12142 MB
    Driver:   30.0.15.1215
Initialize mono
Mono path[0] = 'C:/Program Files/Unity/Hub/Editor/2020.3.32f1/Editor/Data/Managed'
Mono path[1] = 'C:/Program Files/Unity/Hub/Editor/2020.3.32f1/Editor/Data/MonoBleedingEdge/lib/mono/unityjit'
Mono config path = 'C:/Program Files/Unity/Hub/Editor/2020.3.32f1/Editor/Data/MonoBleedingEdge/etc'
Using monoOptions --debugger-agent=transport=dt_socket,embedding=1,server=y,suspend=n,address=127.0.0.1:56828
Begin MonoManager ReloadAssembly
Registering precompiled unity dll's ...
Register platform support module: C:/Program Files/Unity/Hub/Editor/2020.3.32f1/Editor/Data/PlaybackEngines/WebGLSupport/UnityEditor.WebGL.Extensions.dll
Register platform support module: C:/Program Files/Unity/Hub/Editor/2020.3.32f1/Editor/Data/PlaybackEngines/WindowsStandaloneSupport/UnityEditor.WindowsStandalone.Extensions.dll
Registered in 0.001875 seconds.
Native extension for WindowsStandalone target not found
Native extension for WebGL target not found
Refreshing native plugins compatible for Editor in 29.57 ms, found 3 plugins.
Preloading 0 native plugins for Editor in 0.00 ms.
Mono: successfully reloaded assembly
- Completed reload, in  0.385 seconds
Domain Reload Profiling:
	ReloadAssembly (386ms)
		BeginReloadAssembly (49ms)
			ExecutionOrderSort (0ms)
			DisableScriptedObjects (0ms)
			BackupInstance (0ms)
			ReleaseScriptingObjects (0ms)
			CreateAndSetChildDomain (1ms)
		EndReloadAssembly (288ms)
			LoadAssemblies (47ms)
			RebuildTransferFunctionScriptingTraits (0ms)
			SetupTypeCache (89ms)
			ReleaseScriptCaches (0ms)
			RebuildScriptCaches (18ms)
			SetupLoadedEditorAssemblies (116ms)
				LogAssemblyErrors (0ms)
				InitializePlatformSupportModulesInManaged (4ms)
				SetLoadedEditorAssemblies (0ms)
				RefreshPlugins (30ms)
				BeforeProcessingInitializeOnLoad (10ms)
				ProcessInitializeOnLoadAttributes (54ms)
				ProcessInitializeOnLoadMethodAttributes (17ms)
				AfterProcessingInitializeOnLoad (0ms)
				EditorAssembliesLoaded (0ms)
			ExecutionOrderSort2 (0ms)
			AwakeInstancesAfterBackupRestoration (0ms)
Platform modules already initialized, skipping
Registering precompiled user dll's ...
Registered in 0.002506 seconds.
Begin MonoManager ReloadAssembly
Symbol file data-000001EF7FA30020 doesn't match image C:\Users\zoeyd\OneDrive\Documents\GitHub\MoonRift_Andromeda\TrashCollector\Library\ScriptAssemblies\Assembly-CSharp.dll
Symbol file LoadedFromMemory is not a mono symbol file
Native extension for WindowsStandalone target not found
Native extension for WebGL target not found
Refreshing native plugins compatible for Editor in 28.70 ms, found 3 plugins.
Preloading 0 native plugins for Editor in 0.00 ms.
Mono: successfully reloaded assembly
- Completed reload, in  0.702 seconds
Domain Reload Profiling:
	ReloadAssembly (703ms)
		BeginReloadAssembly (100ms)
			ExecutionOrderSort (0ms)
			DisableScriptedObjects (3ms)
			BackupInstance (0ms)
			ReleaseScriptingObjects (0ms)
			CreateAndSetChildDomain (16ms)
		EndReloadAssembly (562ms)
			LoadAssemblies (68ms)
			RebuildTransferFunctionScriptingTraits (0ms)
			SetupTypeCache (171ms)
			ReleaseScriptCaches (0ms)
			RebuildScriptCaches (29ms)
			SetupLoadedEditorAssemblies (231ms)
				LogAssemblyErrors (0ms)
				InitializePlatformSupportModulesInManaged (3ms)
				SetLoadedEditorAssemblies (0ms)
				RefreshPlugins (29ms)
				BeforeProcessingInitializeOnLoad (57ms)
				ProcessInitializeOnLoadAttributes (126ms)
				ProcessInitializeOnLoadMethodAttributes (10ms)
				AfterProcessingInitializeOnLoad (5ms)
				EditorAssembliesLoaded (0ms)
			ExecutionOrderSort2 (0ms)
			AwakeInstancesAfterBackupRestoration (4ms)
Platform modules already initialized, skipping
========================================================================
Worker process is ready to serve import requests
Launched and connected shader compiler UnityShaderCompiler.exe after 0.06 seconds
Refreshing native plugins compatible for Editor in 0.64 ms, found 3 plugins.
Preloading 0 native plugins for Editor in 0.00 ms.
Unloading 2206 Unused Serialized files (Serialized files now loaded: 0)
System memory in use before: 97.8 MB.
System memory in use after: 97.9 MB.

Unloading 25 unused Assets to reduce memory usage. Loaded Objects now: 2644.
Total: 2.791000 ms (FindLiveObjects: 0.165400 ms CreateObjectMapping: 0.061700 ms MarkObjects: 2.500800 ms  DeleteObjects: 0.062200 ms)

AssetImportParameters requested are different than current active one (requested -> active):
  custom:framework-win-MediaFoundation: 216162199b28c13a410421893ffa2e32 -> 
  custom:video-decoder-ogg-theora: a1e56fd34408186e4bbccfd4996cb3dc -> 
  custom:container-muxer-webm: aa71ff27fc2769a1b78a27578f13a17b -> 
  custom:container-demuxer-webm: 4f35f7cbe854078d1ac9338744f61a02 -> 
  custom:container-demuxer-ogg: 62fdf1f143b41e24485cea50d1cbac27 -> 
  custom:video-encoder-webm-vp8: eb34c28f22e8b96e1ab97ce403110664 -> 
  custom:video-decoder-webm-vp8: 9c59270c3fd7afecdb556c50c9e8de78 -> 
  custom:audio-decoder-ogg-vorbis: bf7c407c2cedff20999df2af8eb42d56 -> 
  custom:audio-encoder-webm-vorbis: bf7c407c2cedff20999df2af8eb42d56 -> 
========================================================================
Received Import Request.
  path: Assets/Music Tracks/Potato.wav
  artifactKey: Guid(87890a66193394e3cb7d6284cc6b4344) Importer(815301076,1909f56bfc062723c751e8b465ee728b)
Start importing Assets/Music Tracks/Potato.wav using Guid(87890a66193394e3cb7d6284cc6b4344) Importer(815301076,1909f56bfc062723c751e8b465ee728b)  -> (artifact id: '9e27953b238b3ca1db0040235ff151b5') in 0.094014 seconds 
========================================================================
Received Import Request.
  Time since last request: 0.000360 seconds.
  path: Assets/Music Tracks/InfiniteDoors.wav
  artifactKey: Guid(5059413ec429c4507bb7bca2286fad19) Importer(815301076,1909f56bfc062723c751e8b465ee728b)
Start importing Assets/Music Tracks/InfiniteDoors.wav using Guid(5059413ec429c4507bb7bca2286fad19) Importer(815301076,1909f56bfc062723c751e8b465ee728b)  -> (artifact id: '8332cf4581717376d4cae4e8520f6113') in 0.011977 seconds 
========================================================================
Received Import Request.
  Time since last request: 0.000113 seconds.
  path: Assets/Music Tracks/JumpyGame.wav
  artifactKey: Guid(d8f7a78a964aa489aafb3749d805cd4b) Importer(815301076,1909f56bfc062723c751e8b465ee728b)
Start importing Assets/Music Tracks/JumpyGame.wav using Guid(d8f7a78a964aa489aafb3749d805cd4b) Importer(815301076,1909f56bfc062723c751e8b465ee728b)  -> (artifact id: '98682c3f6e0804219ef7d2146a6cb826') in 0.008604 seconds 
========================================================================
Received Import Request.
  Time since last request: 0.000121 seconds.
  path: Assets/Palette/Water_Palette.prefab
  artifactKey: Guid(544a1ba8c8a09f44d972cbdbcb072384) Importer(815301076,1909f56bfc062723c751e8b465ee728b)
Start importing Assets/Palette/Water_Palette.prefab using Guid(544a1ba8c8a09f44d972cbdbcb072384) Importer(815301076,1909f56bfc062723c751e8b465ee728b)  -> (artifact id: '87372b81cfe4bceaed89fbdfad184ef8') in 0.036641 seconds 
========================================================================
Received Import Request.
  Time since last request: 0.000104 seconds.
  path: Assets/Music Tracks/SunnyDay.wav
  artifactKey: Guid(6306498bbea9342a58ad61d5f7128830) Importer(815301076,1909f56bfc062723c751e8b465ee728b)
Start importing Assets/Music Tracks/SunnyDay.wav using Guid(6306498bbea9342a58ad61d5f7128830) Importer(815301076,1909f56bfc062723c751e8b465ee728b)  -> (artifact id: '0a7744b773987c340a812d0cb9ca708e') in 0.009003 seconds 
========================================================================
Received Import Request.
  Time since last request: 0.000113 seconds.
  path: Assets/Music Tracks/Tiny_Blocks.wav
  artifactKey: Guid(5d6e42b338547477aa7a88708f894463) Importer(815301076,1909f56bfc062723c751e8b465ee728b)
Start importing Assets/Music Tracks/Tiny_Blocks.wav using Guid(5d6e42b338547477aa7a88708f894463) Importer(815301076,1909f56bfc062723c751e8b465ee728b)  -> (artifact id: '454ada7f63e15418b958f02b983217d6') in 0.008422 seconds 
========================================================================
Received Import Request.
  Time since last request: 0.000105 seconds.
  path: Assets/Music Tracks/Chunky_Monkey.wav
  artifactKey: Guid(956ad2f73332544fd87365087825cc4f) Importer(815301076,1909f56bfc062723c751e8b465ee728b)
Start importing Assets/Music Tracks/Chunky_Monkey.wav using Guid(956ad2f73332544fd87365087825cc4f) Importer(815301076,1909f56bfc062723c751e8b465ee728b)  -> (artifact id: 'd26b07131a5385dd84b16aaab86d26f2') in 0.008645 seconds 
========================================================================
Received Import Request.
  Time since last request: 0.000106 seconds.
  path: Assets/Music Tracks/Zephyr.wav
  artifactKey: Guid(07f391589664f4e85904fa28802b4aa8) Importer(815301076,1909f56bfc062723c751e8b465ee728b)
Start importing Assets/Music Tracks/Zephyr.wav using Guid(07f391589664f4e85904fa28802b4aa8) Importer(815301076,1909f56bfc062723c751e8b465ee728b)  -> (artifact id: '6351911c57dee4244fb6744f633994d3') in 0.008307 seconds 
========================================================================
Received Import Request.
  Time since last request: 18.717013 seconds.
  path: Assets/temp_sprites(enemy-trash)/Enemy_Veh.prefab
  artifactKey: Guid(1e7d501b7f707504b97a6b2e15e003b0) Importer(815301076,1909f56bfc062723c751e8b465ee728b)
Start importing Assets/temp_sprites(enemy-trash)/Enemy_Veh.prefab using Guid(1e7d501b7f707504b97a6b2e15e003b0) Importer(815301076,1909f56bfc062723c751e8b465ee728b)  -> (artifact id: '354a7284b7cc7c274964d9059c19572f') in 0.012139 seconds 
========================================================================
Received Import Request.
  Time since last request: 46.699836 seconds.
  path: Assets/Sprites/Dock.png
  artifactKey: Guid(06b24497a8f9785459864844c0c67c2f) Importer(815301076,1909f56bfc062723c751e8b465ee728b)
Start importing Assets/Sprites/Dock.png using Guid(06b24497a8f9785459864844c0c67c2f) Importer(815301076,1909f56bfc062723c751e8b465ee728b)  -> (artifact id: 'a5626b8eeb6e48d97bb5fc0ea10b9b43') in 0.029298 seconds 
========================================================================
Received Import Request.
  Time since last request: 0.000114 seconds.
  path: Assets/Sprites/Ocean_1.png
  artifactKey: Guid(22d2d51cc0a6a584db4196b9f1d7dc5f) Importer(815301076,1909f56bfc062723c751e8b465ee728b)
Start importing Assets/Sprites/Ocean_1.png using Guid(22d2d51cc0a6a584db4196b9f1d7dc5f) Importer(815301076,1909f56bfc062723c751e8b465ee728b)  -> (artifact id: '4ac00591162c2c0617378c6b644cf97e') in 0.015204 seconds 
========================================================================
Received Import Request.
  Time since last request: 0.000100 seconds.
  path: Assets/Sprites/Overworld - Copy.png
  artifactKey: Guid(faf0a20e63345934fa776df75d7fc649) Importer(815301076,1909f56bfc062723c751e8b465ee728b)
Start importing Assets/Sprites/Overworld - Copy.png using Guid(faf0a20e63345934fa776df75d7fc649) Importer(815301076,1909f56bfc062723c751e8b465ee728b)  -> (artifact id: '6d1d783fbfc8ca3707488de0f7431c39') in 1.057829 seconds 
========================================================================
Received Prepare
Registering precompiled user dll's ...
Registered in 0.002613 seconds.
Begin MonoManager ReloadAssembly
Symbol file data-000001EDEA5F2F70 doesn't match image C:\Users\zoeyd\OneDrive\Documents\GitHub\MoonRift_Andromeda\TrashCollector\Library\ScriptAssemblies\Assembly-CSharp.dll
Symbol file LoadedFromMemory is not a mono symbol file
Native extension for WindowsStandalone target not found
Native extension for WebGL target not found
Refreshing native plugins compatible for Editor in 0.49 ms, found 3 plugins.
Preloading 0 native plugins for Editor in 0.00 ms.
Mono: successfully reloaded assembly
- Completed reload, in  0.647 seconds
Domain Reload Profiling:
	ReloadAssembly (647ms)
		BeginReloadAssembly (88ms)
			ExecutionOrderSort (0ms)
			DisableScriptedObjects (4ms)
			BackupInstance (0ms)
			ReleaseScriptingObjects (0ms)
			CreateAndSetChildDomain (27ms)
		EndReloadAssembly (518ms)
			LoadAssemblies (66ms)
			RebuildTransferFunctionScriptingTraits (0ms)
			SetupTypeCache (166ms)
			ReleaseScriptCaches (1ms)
			RebuildScriptCaches (25ms)
			SetupLoadedEditorAssemblies (207ms)
				LogAssemblyErrors (0ms)
				InitializePlatformSupportModulesInManaged (4ms)
				SetLoadedEditorAssemblies (0ms)
				RefreshPlugins (1ms)
				BeforeProcessingInitializeOnLoad (57ms)
				ProcessInitializeOnLoadAttributes (132ms)
				ProcessInitializeOnLoadMethodAttributes (8ms)
				AfterProcessingInitializeOnLoad (6ms)
				EditorAssembliesLoaded (0ms)
			ExecutionOrderSort2 (0ms)
			AwakeInstancesAfterBackupRestoration (6ms)
Platform modules already initialized, skipping
Refreshing native plugins compatible for Editor in 0.49 ms, found 3 plugins.
Preloading 0 native plugins for Editor in 0.00 ms.
Unloading 2195 Unused Serialized files (Serialized files now loaded: 0)
System memory in use before: 100.7 MB.
System memory in use after: 100.9 MB.

Unloading 14 unused Assets to reduce memory usage. Loaded Objects now: 2662.
Total: 2.738600 ms (FindLiveObjects: 0.183900 ms CreateObjectMapping: 0.053700 ms MarkObjects: 2.482000 ms  DeleteObjects: 0.018400 ms)

AssetImportParameters requested are different than current active one (requested -> active):
  custom:framework-win-MediaFoundation: 216162199b28c13a410421893ffa2e32 -> 
  custom:video-decoder-ogg-theora: a1e56fd34408186e4bbccfd4996cb3dc -> 
  custom:container-muxer-webm: aa71ff27fc2769a1b78a27578f13a17b -> 
  custom:container-demuxer-webm: 4f35f7cbe854078d1ac9338744f61a02 -> 
  custom:container-demuxer-ogg: 62fdf1f143b41e24485cea50d1cbac27 -> 
  custom:video-encoder-webm-vp8: eb34c28f22e8b96e1ab97ce403110664 -> 
  custom:video-decoder-webm-vp8: 9c59270c3fd7afecdb556c50c9e8de78 -> 
  custom:audio-decoder-ogg-vorbis: bf7c407c2cedff20999df2af8eb42d56 -> 
  custom:audio-encoder-webm-vorbis: bf7c407c2cedff20999df2af8eb42d56 -> 
========================================================================
Received Import Request.
  Time since last request: 197.426128 seconds.
  path: Assets/Sprites/Tiles/Water_Palette
  artifactKey: Guid(fe4b1a7f902a3634c9d687dc3babba67) Importer(815301076,1909f56bfc062723c751e8b465ee728b)
Start importing Assets/Sprites/Tiles/Water_Palette using Guid(fe4b1a7f902a3634c9d687dc3babba67) Importer(815301076,1909f56bfc062723c751e8b465ee728b)  -> (artifact id: 'c3614a56d86f57ebb6e9004a3efe32c6') in 0.007378 seconds 
========================================================================
Received Import Request.
  Time since last request: 0.029523 seconds.
  path: Assets/Sprites/Tiles/Water_Palette/Dock.asset
  artifactKey: Guid(7b2363ab25154a44a8594af79a1fbc3e) Importer(815301076,1909f56bfc062723c751e8b465ee728b)
Start importing Assets/Sprites/Tiles/Water_Palette/Dock.asset using Guid(7b2363ab25154a44a8594af79a1fbc3e) Importer(815301076,1909f56bfc062723c751e8b465ee728b)  -> (artifact id: '52dc7cfc44d4d079d8183313f35cd147') in 0.034344 seconds 
========================================================================
Received Import Request.
  Time since last request: 0.000120 seconds.
  path: Assets/Sprites/Tiles/Water_Palette/Overworld - Copy_311.asset
  artifactKey: Guid(bfeab7871e5471a42ad2e87ca254d247) Importer(815301076,1909f56bfc062723c751e8b465ee728b)
Start importing Assets/Sprites/Tiles/Water_Palette/Overworld - Copy_311.asset using Guid(bfeab7871e5471a42ad2e87ca254d247) Importer(815301076,1909f56bfc062723c751e8b465ee728b)  -> (artifact id: 'b47d13ced4326c7dc01afaf441145c2d') in 0.012562 seconds 
========================================================================
Received Import Request.
  Time since last request: 0.000107 seconds.
  path: Assets/Sprites/Tiles/Water_Palette/Overworld - Copy_275.asset
  artifactKey: Guid(30541138955baf24581cc88c2c386dd2) Importer(815301076,1909f56bfc062723c751e8b465ee728b)
Start importing Assets/Sprites/Tiles/Water_Palette/Overworld - Copy_275.asset using Guid(30541138955baf24581cc88c2c386dd2) Importer(815301076,1909f56bfc062723c751e8b465ee728b)  -> (artifact id: 'dc5a0a31feedb98047e45b8581ba4c7f') in 0.008586 seconds 
========================================================================
Received Import Request.
  Time since last request: 0.000118 seconds.
  path: Assets/Sprites/Tiles/Water_Palette/Overworld - Copy_380.asset
  artifactKey: Guid(7183b97066b27164ab250502cfb57934) Importer(815301076,1909f56bfc062723c751e8b465ee728b)
Start importing Assets/Sprites/Tiles/Water_Palette/Overworld - Copy_380.asset using Guid(7183b97066b27164ab250502cfb57934) Importer(815301076,1909f56bfc062723c751e8b465ee728b)  -> (artifact id: '0f653934cfd7fa95b84051c7bcb66d1d') in 0.008210 seconds 
========================================================================
Received Import Request.
  Time since last request: 0.000110 seconds.
  path: Assets/Sprites/Tiles/Water_Palette/Overworld - Copy_290.asset
  artifactKey: Guid(0d8527a9e2dc1f2448f8cb2413ccb919) Importer(815301076,1909f56bfc062723c751e8b465ee728b)
Start importing Assets/Sprites/Tiles/Water_Palette/Overworld - Copy_290.asset using Guid(0d8527a9e2dc1f2448f8cb2413ccb919) Importer(815301076,1909f56bfc062723c751e8b465ee728b)  -> (artifact id: '3bfe60d8bef75b3d5b8db752917edf19') in 0.008212 seconds 
========================================================================
Received Import Request.
  Time since last request: 0.000127 seconds.
  path: Assets/Sprites/Tiles/Water_Palette/Overworld - Copy_382.asset
  artifactKey: Guid(8810ee713b64e1a4c93407e0b0f79594) Importer(815301076,1909f56bfc062723c751e8b465ee728b)
Start importing Assets/Sprites/Tiles/Water_Palette/Overworld - Copy_382.asset using Guid(8810ee713b64e1a4c93407e0b0f79594) Importer(815301076,1909f56bfc062723c751e8b465ee728b)  -> (artifact id: 'f828b3f9a522d91395f76dde0edd87bb') in 0.013392 seconds 
========================================================================
Received Import Request.
  Time since last request: 0.000103 seconds.
  path: Assets/Sprites/Tiles/Water_Palette/Overworld - Copy_347.asset
  artifactKey: Guid(83cff66a2773c274c8bd97c693ece142) Importer(815301076,1909f56bfc062723c751e8b465ee728b)
Start importing Assets/Sprites/Tiles/Water_Palette/Overworld - Copy_347.asset using Guid(83cff66a2773c274c8bd97c693ece142) Importer(815301076,1909f56bfc062723c751e8b465ee728b)  -> (artifact id: 'b01eb3e036ffb241946a75d6fc0b3ba7') in 0.007772 seconds 
========================================================================
Received Import Request.
  Time since last request: 0.000146 seconds.
  path: Assets/Sprites/Tiles/Water_Palette/Ocean_1.asset
  artifactKey: Guid(b7b260456280bbf4bb8dd9b4ca3b83ad) Importer(815301076,1909f56bfc062723c751e8b465ee728b)
Start importing Assets/Sprites/Tiles/Water_Palette/Ocean_1.asset using Guid(b7b260456280bbf4bb8dd9b4ca3b83ad) Importer(815301076,1909f56bfc062723c751e8b465ee728b)  -> (artifact id: 'eb33c52205c013e01f0495d79f19dbe4') in 0.007705 seconds 
========================================================================
Received Import Request.
  Time since last request: 0.000106 seconds.
  path: Assets/Sprites/Tiles/Water_Palette/Overworld - Copy_277.asset
  artifactKey: Guid(bbb468c594cc3c44db543ce528fc95a9) Importer(815301076,1909f56bfc062723c751e8b465ee728b)
Start importing Assets/Sprites/Tiles/Water_Palette/Overworld - Copy_277.asset using Guid(bbb468c594cc3c44db543ce528fc95a9) Importer(815301076,1909f56bfc062723c751e8b465ee728b)  -> (artifact id: '1b9ff8a87fbfe81f3b669351af11f34b') in 0.008717 seconds 
========================================================================
Received Import Request.
  Time since last request: 0.000102 seconds.
  path: Assets/Sprites/Tiles/Water_Palette/Overworld - Copy_349.asset
  artifactKey: Guid(b080efdf595413246aaa65293bcb66cf) Importer(815301076,1909f56bfc062723c751e8b465ee728b)
Start importing Assets/Sprites/Tiles/Water_Palette/Overworld - Copy_349.asset using Guid(b080efdf595413246aaa65293bcb66cf) Importer(815301076,1909f56bfc062723c751e8b465ee728b)  -> (artifact id: 'aded6f1df2cde4202683055b6dcbd9d8') in 0.009340 seconds 
========================================================================
Received Import Request.
  Time since last request: 0.000101 seconds.
  path: Assets/Sprites/Tiles/Water_Palette/Overworld - Copy_310.asset
  artifactKey: Guid(4378629c0ac179e4293212afbc6f2394) Importer(815301076,1909f56bfc062723c751e8b465ee728b)
Start importing Assets/Sprites/Tiles/Water_Palette/Overworld - Copy_310.asset using Guid(4378629c0ac179e4293212afbc6f2394) Importer(815301076,1909f56bfc062723c751e8b465ee728b)  -> (artifact id: '2e8f97f1c13b0c4bac2aee0b9bc8d148') in 0.010144 seconds 
========================================================================
Received Import Request.
  Time since last request: 0.000185 seconds.
  path: Assets/Sprites/Tiles/Water_Palette/Overworld - Copy_346.asset
  artifactKey: Guid(d9e54d627206b0b41b3af6813e3fea90) Importer(815301076,1909f56bfc062723c751e8b465ee728b)
Start importing Assets/Sprites/Tiles/Water_Palette/Overworld - Copy_346.asset using Guid(d9e54d627206b0b41b3af6813e3fea90) Importer(815301076,1909f56bfc062723c751e8b465ee728b)  -> (artifact id: 'ad46608e2b710e9852355bb90b07bf48') in 0.008277 seconds 
========================================================================
Received Import Request.
  Time since last request: 0.000150 seconds.
  path: Assets/Sprites/Tiles/Water_Palette/PlaceholderHouse - Copy_0.asset
  artifactKey: Guid(5e21fd0c9b60898439745276ee0056c0) Importer(815301076,1909f56bfc062723c751e8b465ee728b)
Start importing Assets/Sprites/Tiles/Water_Palette/PlaceholderHouse - Copy_0.asset using Guid(5e21fd0c9b60898439745276ee0056c0) Importer(815301076,1909f56bfc062723c751e8b465ee728b)  -> (artifact id: '2ab759babf4993194557f82ef151c486') in 0.009378 seconds 
========================================================================
Received Import Request.
  Time since last request: 0.000212 seconds.
  path: Assets/Sprites/Tiles/Water_Palette/Overworld - Copy_379.asset
  artifactKey: Guid(68817c71db11cdb4fb2fc86dbbd075f1) Importer(815301076,1909f56bfc062723c751e8b465ee728b)
Start importing Assets/Sprites/Tiles/Water_Palette/Overworld - Copy_379.asset using Guid(68817c71db11cdb4fb2fc86dbbd075f1) Importer(815301076,1909f56bfc062723c751e8b465ee728b)  -> (artifact id: 'ce2d257ac7cf197e7ad469f03c19444a') in 0.007917 seconds 
========================================================================
Received Import Request.
  Time since last request: 0.000104 seconds.
  path: Assets/Sprites/Tiles/Water_Palette/Overworld - Copy_381.asset
  artifactKey: Guid(c53a0f6160aa971409129eb456df2dd6) Importer(815301076,1909f56bfc062723c751e8b465ee728b)
Start importing Assets/Sprites/Tiles/Water_Palette/Overworld - Copy_381.asset using Guid(c53a0f6160aa971409129eb456df2dd6) Importer(815301076,1909f56bfc062723c751e8b465ee728b)  -> (artifact id: 'da750478c2f82c1e83c0d6453cdcd310') in 0.008084 seconds 
========================================================================
Received Import Request.
  Time since last request: 0.000098 seconds.
  path: Assets/Sprites/Tiles/Water_Palette/Overworld - Copy_184.asset
  artifactKey: Guid(538e841fc9c67164692ddbb611eebd81) Importer(815301076,1909f56bfc062723c751e8b465ee728b)
Start importing Assets/Sprites/Tiles/Water_Palette/Overworld - Copy_184.asset using Guid(538e841fc9c67164692ddbb611eebd81) Importer(815301076,1909f56bfc062723c751e8b465ee728b)  -> (artifact id: '922b10ba02b5e1281fce5b669f87595f') in 0.008036 seconds 
========================================================================
Received Import Request.
  Time since last request: 0.000107 seconds.
  path: Assets/Sprites/Tiles/Water_Palette/Overworld - Copy_236.asset
  artifactKey: Guid(b3e5b771dc128d34d810184a021e99eb) Importer(815301076,1909f56bfc062723c751e8b465ee728b)
Start importing Assets/Sprites/Tiles/Water_Palette/Overworld - Copy_236.asset using Guid(b3e5b771dc128d34d810184a021e99eb) Importer(815301076,1909f56bfc062723c751e8b465ee728b)  -> (artifact id: 'f3bdc0815ea3fa0f6ceac781a6c7c9e3') in 0.007910 seconds 
========================================================================
Received Import Request.
  Time since last request: 0.000099 seconds.
  path: Assets/Sprites/Tiles/Water_Palette/Overworld - Copy_235.asset
  artifactKey: Guid(2b9e453716c3c4443a3d700c91d9c52c) Importer(815301076,1909f56bfc062723c751e8b465ee728b)
Start importing Assets/Sprites/Tiles/Water_Palette/Overworld - Copy_235.asset using Guid(2b9e453716c3c4443a3d700c91d9c52c) Importer(815301076,1909f56bfc062723c751e8b465ee728b)  -> (artifact id: '8be554afbc5fe60f611d15fd9f7c7f0c') in 0.008411 seconds 
========================================================================
Received Import Request.
  Time since last request: 0.000103 seconds.
  path: Assets/Sprites/Tiles/Water_Palette/Overworld - Copy_292.asset
  artifactKey: Guid(cb9c427b76becf646aad92d6b628ade3) Importer(815301076,1909f56bfc062723c751e8b465ee728b)
Start importing Assets/Sprites/Tiles/Water_Palette/Overworld - Copy_292.asset using Guid(cb9c427b76becf646aad92d6b628ade3) Importer(815301076,1909f56bfc062723c751e8b465ee728b)  -> (artifact id: 'a4ca94b41c0fc9e12f9180c439311b85') in 0.009028 seconds 
========================================================================
Received Import Request.
  Time since last request: 0.000102 seconds.
  path: Assets/Sprites/Tiles/Water_Palette/Overworld - Copy_312.asset
  artifactKey: Guid(ec1ba0b7a3a27734e8079462745c3cc5) Importer(815301076,1909f56bfc062723c751e8b465ee728b)
Start importing Assets/Sprites/Tiles/Water_Palette/Overworld - Copy_312.asset using Guid(ec1ba0b7a3a27734e8079462745c3cc5) Importer(815301076,1909f56bfc062723c751e8b465ee728b)  -> (artifact id: '1248e807185bd28847912b82d6047836') in 0.008480 seconds 
========================================================================
Received Import Request.
  Time since last request: 0.000136 seconds.
  path: Assets/Sprites/Tiles/Water_Palette/Overworld - Copy_291.asset
  artifactKey: Guid(5571fd5acf8a5f648bad1b1a536291d7) Importer(815301076,1909f56bfc062723c751e8b465ee728b)
Start importing Assets/Sprites/Tiles/Water_Palette/Overworld - Copy_291.asset using Guid(5571fd5acf8a5f648bad1b1a536291d7) Importer(815301076,1909f56bfc062723c751e8b465ee728b)  -> (artifact id: '31e1cb00f83cf42c1c603d99076e8f7d') in 0.008316 seconds 
========================================================================
Received Import Request.
  Time since last request: 0.000111 seconds.
  path: Assets/Sprites/Tiles/Water_Palette/Overworld - Copy_348.asset
  artifactKey: Guid(b629c83ac9cb456409fd907a343675e6) Importer(815301076,1909f56bfc062723c751e8b465ee728b)
Start importing Assets/Sprites/Tiles/Water_Palette/Overworld - Copy_348.asset using Guid(b629c83ac9cb456409fd907a343675e6) Importer(815301076,1909f56bfc062723c751e8b465ee728b)  -> (artifact id: 'efb66e043afa3b67ec1d2e8d27961244') in 0.008007 seconds 
========================================================================
Received Import Request.
  Time since last request: 0.000157 seconds.
  path: Assets/Sprites/Tiles/Water_Palette/Overworld - Copy_237.asset
  artifactKey: Guid(80bc5c6ae0804fe40a753b4cdd016428) Importer(815301076,1909f56bfc062723c751e8b465ee728b)
Start importing Assets/Sprites/Tiles/Water_Palette/Overworld - Copy_237.asset using Guid(80bc5c6ae0804fe40a753b4cdd016428) Importer(815301076,1909f56bfc062723c751e8b465ee728b)  -> (artifact id: 'edba9358e84c73052c9e19cf0ec678f4') in 0.008638 seconds 
========================================================================
Received Prepare
Registering precompiled user dll's ...
Registered in 0.003233 seconds.
Begin MonoManager ReloadAssembly
Symbol file data-000001EF7F7DE180 doesn't match image C:\Users\zoeyd\OneDrive\Documents\GitHub\MoonRift_Andromeda\TrashCollector\Library\ScriptAssemblies\Assembly-CSharp.dll
Symbol file LoadedFromMemory is not a mono symbol file
Native extension for WindowsStandalone target not found
Native extension for WebGL target not found
Refreshing native plugins compatible for Editor in 0.60 ms, found 3 plugins.
Preloading 0 native plugins for Editor in 0.00 ms.
Mono: successfully reloaded assembly
- Completed reload, in  0.658 seconds
Domain Reload Profiling:
	ReloadAssembly (659ms)
		BeginReloadAssembly (88ms)
			ExecutionOrderSort (0ms)
			DisableScriptedObjects (4ms)
			BackupInstance (0ms)
			ReleaseScriptingObjects (0ms)
			CreateAndSetChildDomain (28ms)
		EndReloadAssembly (528ms)
			LoadAssemblies (67ms)
			RebuildTransferFunctionScriptingTraits (0ms)
			SetupTypeCache (179ms)
			ReleaseScriptCaches (1ms)
			RebuildScriptCaches (27ms)
			SetupLoadedEditorAssemblies (200ms)
				LogAssemblyErrors (0ms)
				InitializePlatformSupportModulesInManaged (4ms)
				SetLoadedEditorAssemblies (0ms)
				RefreshPlugins (1ms)
				BeforeProcessingInitializeOnLoad (58ms)
				ProcessInitializeOnLoadAttributes (125ms)
				ProcessInitializeOnLoadMethodAttributes (8ms)
				AfterProcessingInitializeOnLoad (5ms)
				EditorAssembliesLoaded (0ms)
			ExecutionOrderSort2 (0ms)
			AwakeInstancesAfterBackupRestoration (6ms)
Platform modules already initialized, skipping
Refreshing native plugins compatible for Editor in 0.58 ms, found 3 plugins.
Preloading 0 native plugins for Editor in 0.00 ms.
Unloading 2195 Unused Serialized files (Serialized files now loaded: 0)
System memory in use before: 100.9 MB.
System memory in use after: 101.0 MB.

Unloading 14 unused Assets to reduce memory usage. Loaded Objects now: 2667.
Total: 2.620200 ms (FindLiveObjects: 0.170700 ms CreateObjectMapping: 0.064200 ms MarkObjects: 2.367100 ms  DeleteObjects: 0.017700 ms)

AssetImportParameters requested are different than current active one (requested -> active):
  custom:framework-win-MediaFoundation: 216162199b28c13a410421893ffa2e32 -> 
  custom:video-decoder-ogg-theora: a1e56fd34408186e4bbccfd4996cb3dc -> 
  custom:container-muxer-webm: aa71ff27fc2769a1b78a27578f13a17b -> 
  custom:container-demuxer-webm: 4f35f7cbe854078d1ac9338744f61a02 -> 
  custom:container-demuxer-ogg: 62fdf1f143b41e24485cea50d1cbac27 -> 
  custom:video-encoder-webm-vp8: eb34c28f22e8b96e1ab97ce403110664 -> 
  custom:video-decoder-webm-vp8: 9c59270c3fd7afecdb556c50c9e8de78 -> 
  custom:audio-decoder-ogg-vorbis: bf7c407c2cedff20999df2af8eb42d56 -> 
  custom:audio-encoder-webm-vorbis: bf7c407c2cedff20999df2af8eb42d56 -> 
========================================================================
Received Prepare
Registering precompiled user dll's ...
Registered in 0.002367 seconds.
Begin MonoManager ReloadAssembly
Symbol file data-000001EDEA6C3AF0 doesn't match image C:\Users\zoeyd\OneDrive\Documents\GitHub\MoonRift_Andromeda\TrashCollector\Library\ScriptAssemblies\Assembly-CSharp.dll
Symbol file LoadedFromMemory is not a mono symbol file
Native extension for WindowsStandalone target not found
Native extension for WebGL target not found
Refreshing native plugins compatible for Editor in 0.57 ms, found 3 plugins.
Preloading 0 native plugins for Editor in 0.00 ms.
Mono: successfully reloaded assembly
- Completed reload, in  0.652 seconds
Domain Reload Profiling:
	ReloadAssembly (652ms)
		BeginReloadAssembly (88ms)
			ExecutionOrderSort (0ms)
			DisableScriptedObjects (4ms)
			BackupInstance (0ms)
			ReleaseScriptingObjects (0ms)
			CreateAndSetChildDomain (27ms)
		EndReloadAssembly (523ms)
			LoadAssemblies (68ms)
			RebuildTransferFunctionScriptingTraits (0ms)
			SetupTypeCache (168ms)
			ReleaseScriptCaches (1ms)
			RebuildScriptCaches (27ms)
			SetupLoadedEditorAssemblies (201ms)
				LogAssemblyErrors (0ms)
				InitializePlatformSupportModulesInManaged (4ms)
				SetLoadedEditorAssemblies (0ms)
				RefreshPlugins (1ms)
				BeforeProcessingInitializeOnLoad (59ms)
				ProcessInitializeOnLoadAttributes (124ms)
				ProcessInitializeOnLoadMethodAttributes (7ms)
				AfterProcessingInitializeOnLoad (6ms)
				EditorAssembliesLoaded (0ms)
			ExecutionOrderSort2 (0ms)
			AwakeInstancesAfterBackupRestoration (6ms)
Platform modules already initialized, skipping
Refreshing native plugins compatible for Editor in 0.52 ms, found 3 plugins.
Preloading 0 native plugins for Editor in 0.00 ms.
Unloading 2195 Unused Serialized files (Serialized files now loaded: 0)
System memory in use before: 100.9 MB.
System memory in use after: 101.1 MB.

Unloading 14 unused Assets to reduce memory usage. Loaded Objects now: 2670.
Total: 2.560900 ms (FindLiveObjects: 0.166200 ms CreateObjectMapping: 0.060400 ms MarkObjects: 2.316800 ms  DeleteObjects: 0.016900 ms)

AssetImportParameters requested are different than current active one (requested -> active):
  custom:framework-win-MediaFoundation: 216162199b28c13a410421893ffa2e32 -> 
  custom:video-decoder-ogg-theora: a1e56fd34408186e4bbccfd4996cb3dc -> 
  custom:container-muxer-webm: aa71ff27fc2769a1b78a27578f13a17b -> 
  custom:container-demuxer-webm: 4f35f7cbe854078d1ac9338744f61a02 -> 
  custom:container-demuxer-ogg: 62fdf1f143b41e24485cea50d1cbac27 -> 
  custom:video-encoder-webm-vp8: eb34c28f22e8b96e1ab97ce403110664 -> 
  custom:video-decoder-webm-vp8: 9c59270c3fd7afecdb556c50c9e8de78 -> 
  custom:audio-decoder-ogg-vorbis: bf7c407c2cedff20999df2af8eb42d56 -> 
  custom:audio-encoder-webm-vorbis: bf7c407c2cedff20999df2af8eb42d56 -> 
========================================================================
Received Prepare
Registering precompiled user dll's ...
Registered in 0.002406 seconds.
Begin MonoManager ReloadAssembly
Symbol file data-000001EF7F7D6750 doesn't match image C:\Users\zoeyd\OneDrive\Documents\GitHub\MoonRift_Andromeda\TrashCollector\Library\ScriptAssemblies\Assembly-CSharp.dll
Symbol file LoadedFromMemory is not a mono symbol file
Native extension for WindowsStandalone target not found
Native extension for WebGL target not found
Refreshing native plugins compatible for Editor in 0.60 ms, found 3 plugins.
Preloading 0 native plugins for Editor in 0.00 ms.
Mono: successfully reloaded assembly
- Completed reload, in  0.630 seconds
Domain Reload Profiling:
	ReloadAssembly (631ms)
		BeginReloadAssembly (86ms)
			ExecutionOrderSort (0ms)
			DisableScriptedObjects (4ms)
			BackupInstance (0ms)
			ReleaseScriptingObjects (0ms)
			CreateAndSetChildDomain (26ms)
		EndReloadAssembly (504ms)
			LoadAssemblies (67ms)
			RebuildTransferFunctionScriptingTraits (0ms)
			SetupTypeCache (165ms)
			ReleaseScriptCaches (1ms)
			RebuildScriptCaches (25ms)
			SetupLoadedEditorAssemblies (196ms)
				LogAssemblyErrors (0ms)
				InitializePlatformSupportModulesInManaged (4ms)
				SetLoadedEditorAssemblies (0ms)
				RefreshPlugins (1ms)
				BeforeProcessingInitializeOnLoad (57ms)
				ProcessInitializeOnLoadAttributes (122ms)
				ProcessInitializeOnLoadMethodAttributes (7ms)
				AfterProcessingInitializeOnLoad (5ms)
				EditorAssembliesLoaded (0ms)
			ExecutionOrderSort2 (0ms)
			AwakeInstancesAfterBackupRestoration (6ms)
Platform modules already initialized, skipping
Refreshing native plugins compatible for Editor in 0.58 ms, found 3 plugins.
Preloading 0 native plugins for Editor in 0.00 ms.
Unloading 2195 Unused Serialized files (Serialized files now loaded: 0)
System memory in use before: 101.0 MB.
System memory in use after: 101.1 MB.

Unloading 14 unused Assets to reduce memory usage. Loaded Objects now: 2673.
Total: 2.585100 ms (FindLiveObjects: 0.172900 ms CreateObjectMapping: 0.062400 ms MarkObjects: 2.329900 ms  DeleteObjects: 0.019300 ms)

AssetImportParameters requested are different than current active one (requested -> active):
  custom:framework-win-MediaFoundation: 216162199b28c13a410421893ffa2e32 -> 
  custom:video-decoder-ogg-theora: a1e56fd34408186e4bbccfd4996cb3dc -> 
  custom:container-muxer-webm: aa71ff27fc2769a1b78a27578f13a17b -> 
  custom:container-demuxer-webm: 4f35f7cbe854078d1ac9338744f61a02 -> 
  custom:container-demuxer-ogg: 62fdf1f143b41e24485cea50d1cbac27 -> 
  custom:video-encoder-webm-vp8: eb34c28f22e8b96e1ab97ce403110664 -> 
  custom:video-decoder-webm-vp8: 9c59270c3fd7afecdb556c50c9e8de78 -> 
  custom:audio-decoder-ogg-vorbis: bf7c407c2cedff20999df2af8eb42d56 -> 
  custom:audio-encoder-webm-vorbis: bf7c407c2cedff20999df2af8eb42d56 -> 
========================================================================
Received Prepare
Registering precompiled user dll's ...
Registered in 0.002448 seconds.
Begin MonoManager ReloadAssembly
Symbol file data-000001EF7F7D81E0 doesn't match image C:\Users\zoeyd\OneDrive\Documents\GitHub\MoonRift_Andromeda\TrashCollector\Library\ScriptAssemblies\Assembly-CSharp.dll
Symbol file LoadedFromMemory is not a mono symbol file
Native extension for WindowsStandalone target not found
Native extension for WebGL target not found
Refreshing native plugins compatible for Editor in 0.68 ms, found 3 plugins.
Preloading 0 native plugins for Editor in 0.00 ms.
Mono: successfully reloaded assembly
- Completed reload, in  0.651 seconds
Domain Reload Profiling:
	ReloadAssembly (651ms)
		BeginReloadAssembly (88ms)
			ExecutionOrderSort (0ms)
			DisableScriptedObjects (4ms)
			BackupInstance (0ms)
			ReleaseScriptingObjects (0ms)
			CreateAndSetChildDomain (26ms)
		EndReloadAssembly (522ms)
			LoadAssemblies (70ms)
			RebuildTransferFunctionScriptingTraits (0ms)
			SetupTypeCache (165ms)
			ReleaseScriptCaches (1ms)
			RebuildScriptCaches (26ms)
			SetupLoadedEditorAssemblies (208ms)
				LogAssemblyErrors (0ms)
				InitializePlatformSupportModulesInManaged (4ms)
				SetLoadedEditorAssemblies (0ms)
				RefreshPlugins (1ms)
				BeforeProcessingInitializeOnLoad (59ms)
				ProcessInitializeOnLoadAttributes (130ms)
				ProcessInitializeOnLoadMethodAttributes (7ms)
				AfterProcessingInitializeOnLoad (5ms)
				EditorAssembliesLoaded (0ms)
			ExecutionOrderSort2 (0ms)
			AwakeInstancesAfterBackupRestoration (6ms)
Platform modules already initialized, skipping
Refreshing native plugins compatible for Editor in 0.56 ms, found 3 plugins.
Preloading 0 native plugins for Editor in 0.00 ms.
Unloading 2195 Unused Serialized files (Serialized files now loaded: 0)
System memory in use before: 101.0 MB.
System memory in use after: 101.1 MB.

Unloading 14 unused Assets to reduce memory usage. Loaded Objects now: 2676.
Total: 2.626200 ms (FindLiveObjects: 0.172100 ms CreateObjectMapping: 0.061600 ms MarkObjects: 2.374500 ms  DeleteObjects: 0.017200 ms)

AssetImportParameters requested are different than current active one (requested -> active):
  custom:framework-win-MediaFoundation: 216162199b28c13a410421893ffa2e32 -> 
  custom:video-decoder-ogg-theora: a1e56fd34408186e4bbccfd4996cb3dc -> 
  custom:container-muxer-webm: aa71ff27fc2769a1b78a27578f13a17b -> 
  custom:container-demuxer-webm: 4f35f7cbe854078d1ac9338744f61a02 -> 
  custom:container-demuxer-ogg: 62fdf1f143b41e24485cea50d1cbac27 -> 
  custom:video-encoder-webm-vp8: eb34c28f22e8b96e1ab97ce403110664 -> 
  custom:video-decoder-webm-vp8: 9c59270c3fd7afecdb556c50c9e8de78 -> 
  custom:audio-decoder-ogg-vorbis: bf7c407c2cedff20999df2af8eb42d56 -> 
  custom:audio-encoder-webm-vorbis: bf7c407c2cedff20999df2af8eb42d56 -> 
AssetImportWorkerClient::OnTransportError - code=2 error=End of file
